<?xml version="1.0" encoding="UTF-8"?>
<!-- Generated by org.testng.reporters.JUnitXMLReporter -->
<testsuite ignored="0" hostname="Al-Amin" failures="0" tests="3" name="Command line test" time="68.623" errors="0" timestamp="2024-02-14T21:17:06 BDT">
  <testcase classname="testCases.Test_Product" name="test_product_title_text" time="21.342"/>
  <testcase classname="testCases.Test_Product" name="test_login" time="27.658"/>
  <testcase classname="testCases.Test_Product" name="test_all_product_count" time="10.421"/>
</testsuite> <!-- Command line test -->
