<?xml version="1.0" encoding="UTF-8"?>
<!-- Generated by org.testng.reporters.JUnitXMLReporter -->
<testsuite ignored="0" hostname="Al-Amin" failures="0" tests="3" name="Command line test" time="71.384" errors="0" timestamp="2024-02-14T21:22:06 BDT">
  <testcase classname="testCases.Test_Product" name="test_product_title_text" time="26.53"/>
  <testcase classname="testCases.Test_Product" name="test_login" time="28.154"/>
  <testcase classname="testCases.Test_Product" name="test_all_product_count" time="11.749"/>
</testsuite> <!-- Command line test -->
