<?xml version="1.0" encoding="UTF-8"?>
<testng-results ignored="0" total="3" passed="3" failed="0" skipped="0">
  <reporter-output>
  </reporter-output>
  <suite started-at="2024-02-14T21:20:55 BDT" name="testCases.Test_Product" finished-at="2024-02-14T21:22:06 BDT" duration-ms="71384">
    <groups>
    </groups>
    <test started-at="2024-02-14T21:20:55 BDT" name="Command line test" finished-at="2024-02-14T21:22:06 BDT" duration-ms="71384">
      <class name="testCases.Test_Product">
        <test-method is-config="true" signature="setup()[pri:0, instance:testCases.Test_Product@a3d8174]" started-at="2024-02-14T21:20:55 BDT" name="setup" finished-at="2024-02-14T21:20:57 BDT" duration-ms="1824" status="PASS">
          <reporter-output>
          </reporter-output>
        </test-method> <!-- setup -->
        <test-method signature="test_product_title_text()[pri:1, instance:testCases.Test_Product@a3d8174]" started-at="2024-02-14T21:20:57 BDT" name="test_product_title_text" finished-at="2024-02-14T21:21:23 BDT" duration-ms="26530" status="PASS">
          <reporter-output>
          </reporter-output>
        </test-method> <!-- test_product_title_text -->
        <test-method is-config="true" signature="screenShot(org.testng.ITestResult)[pri:0, instance:testCases.Test_Product@a3d8174]" started-at="2024-02-14T21:21:23 BDT" name="screenShot" finished-at="2024-02-14T21:21:24 BDT" duration-ms="287" status="PASS">
          <params>
            <param index="0">
              <value>
                <![CDATA[[TestResult name=test_product_title_text status=SUCCESS method=Test_Product.test_product_title_text()[pri:1, instance:testCases.Test_Product@a3d8174] output={null}]]]>
              </value>
            </param>
          </params>
          <reporter-output>
          </reporter-output>
        </test-method> <!-- screenShot -->
        <test-method is-config="true" signature="setup()[pri:0, instance:testCases.Test_Product@a3d8174]" started-at="2024-02-14T21:21:24 BDT" name="setup" finished-at="2024-02-14T21:21:25 BDT" duration-ms="1301" status="PASS">
          <reporter-output>
          </reporter-output>
        </test-method> <!-- setup -->
        <test-method signature="test_login()[pri:2, instance:testCases.Test_Product@a3d8174]" started-at="2024-02-14T21:21:25 BDT" name="test_login" finished-at="2024-02-14T21:21:53 BDT" duration-ms="28154" status="PASS">
          <reporter-output>
          </reporter-output>
        </test-method> <!-- test_login -->
        <test-method is-config="true" signature="screenShot(org.testng.ITestResult)[pri:0, instance:testCases.Test_Product@a3d8174]" started-at="2024-02-14T21:21:53 BDT" name="screenShot" finished-at="2024-02-14T21:21:53 BDT" duration-ms="82" status="PASS">
          <params>
            <param index="0">
              <value>
                <![CDATA[[TestResult name=test_login status=SUCCESS method=Test_Product.test_login()[pri:2, instance:testCases.Test_Product@a3d8174] output={null}]]]>
              </value>
            </param>
          </params>
          <reporter-output>
          </reporter-output>
        </test-method> <!-- screenShot -->
        <test-method is-config="true" signature="setup()[pri:0, instance:testCases.Test_Product@a3d8174]" started-at="2024-02-14T21:21:53 BDT" name="setup" finished-at="2024-02-14T21:21:54 BDT" duration-ms="1160" status="PASS">
          <reporter-output>
          </reporter-output>
        </test-method> <!-- setup -->
        <test-method signature="test_all_product_count()[pri:3, instance:testCases.Test_Product@a3d8174]" started-at="2024-02-14T21:21:54 BDT" name="test_all_product_count" finished-at="2024-02-14T21:22:06 BDT" duration-ms="11749" status="PASS">
          <reporter-output>
          </reporter-output>
        </test-method> <!-- test_all_product_count -->
        <test-method is-config="true" signature="screenShot(org.testng.ITestResult)[pri:0, instance:testCases.Test_Product@a3d8174]" started-at="2024-02-14T21:22:06 BDT" name="screenShot" finished-at="2024-02-14T21:22:06 BDT" duration-ms="144" status="PASS">
          <params>
            <param index="0">
              <value>
                <![CDATA[[TestResult name=test_all_product_count status=SUCCESS method=Test_Product.test_all_product_count()[pri:3, instance:testCases.Test_Product@a3d8174] output={null}]]]>
              </value>
            </param>
          </params>
          <reporter-output>
          </reporter-output>
        </test-method> <!-- screenShot -->
      </class> <!-- testCases.Test_Product -->
    </test> <!-- Command line test -->
  </suite> <!-- testCases.Test_Product -->
</testng-results>
